{"0":"C","1":"a","10":"d","11":" ","12":"p","13":"r","14":"o","15":"p","16":"e","17":"r","18":"t","19":"i","2":"n","20":"e","21":"s","22":" ","23":"o","24":"f","25":" ","26":"u","27":"n","28":"d","29":"e","3":"n","30":"f","31":"i","32":"n","33":"e","34":"d","35":" ","36":"(","37":"r","38":"e","39":"a","4":"o","40":"d","41":"i","42":"n","43":"g","44":" ","45":"'","46":"i","47":"n","48":"s","49":"e","5":"t","50":"r","51":"t","52":"I","53":"d","54":"'","55":")","6":" ","7":"r","8":"e","9":"a","level":"error","message":"Error adding product: ","timestamp":"2024-01-27 21:49:23"}
{"0":"C","1":"a","10":"d","11":" ","12":"p","13":"r","14":"o","15":"p","16":"e","17":"r","18":"t","19":"i","2":"n","20":"e","21":"s","22":" ","23":"o","24":"f","25":" ","26":"u","27":"n","28":"d","29":"e","3":"n","30":"f","31":"i","32":"n","33":"e","34":"d","35":" ","36":"(","37":"r","38":"e","39":"a","4":"o","40":"d","41":"i","42":"n","43":"g","44":" ","45":"'","46":"i","47":"n","48":"s","49":"e","5":"t","50":"r","51":"t","52":"I","53":"d","54":"'","55":")","6":" ","7":"r","8":"e","9":"a","level":"error","message":"Error adding product: ","timestamp":"2024-01-27 21:51:30"}
{"0":"U","1":"n","10":"l","11":"u","12":"m","13":"n","14":" ","15":"'","16":"n","17":"a","18":"m","19":"e","2":"k","20":"'","21":" ","22":"i","23":"n","24":" ","25":"'","26":"f","27":"i","28":"e","29":"l","3":"n","30":"d","31":" ","32":"l","33":"i","34":"s","35":"t","36":"'","4":"o","5":"w","6":"n","7":" ","8":"c","9":"o","level":"error","message":"Error adding product: ","timestamp":"2024-01-27 21:51:52"}
{"level":"error","message":"خطأ في إضافة الصورة: Table 'dreams.images' doesn't exist","timestamp":"2024-01-27 23:13:15"}
{"level":"error","message":"خطأ في إضافة متغير اللون: Unknown column 'product_id' in 'field list'","timestamp":"2024-01-27 23:13:15"}
{"level":"error","message":"خطأ في إضافة متغير اللون: Unknown column 'product_id' in 'field list'","timestamp":"2024-01-27 23:13:15"}
{"level":"error","message":"خطأ في إضافة متغير الأبعاد: Unknown column 'product_id' in 'field list'","timestamp":"2024-01-27 23:13:15"}
{"level":"error","message":"خطأ في إضافة متغير الأبعاد: Unknown column 'product_id' in 'field list'","timestamp":"2024-01-27 23:13:15"}
{"level":"error","message":"خطأ في إضافة الصورة: Table 'dreams.images' doesn't exist","timestamp":"2024-01-27 23:15:45"}
{"level":"error","message":"خطأ في إضافة متغير اللون: Unknown column 'product_id' in 'field list'","timestamp":"2024-01-27 23:15:45"}
{"level":"error","message":"خطأ في إضافة متغير اللون: Unknown column 'product_id' in 'field list'","timestamp":"2024-01-27 23:15:45"}
{"level":"error","message":"خطأ في إضافة متغير الأبعاد: Unknown column 'product_id' in 'field list'","timestamp":"2024-01-27 23:15:45"}
{"level":"error","message":"خطأ في إضافة متغير الأبعاد: Unknown column 'product_id' in 'field list'","timestamp":"2024-01-27 23:15:45"}
{"level":"error","message":"خطأ في إضافة الموقع: Error: Unknown column 'sellerId' in 'field list'\n    at Packet.asError (C:\\xampp\\htdocs\\express2\\server\\node_modules\\mysql2\\lib\\packets\\packet.js:728:17)\n    at Query.execute (C:\\xampp\\htdocs\\express2\\server\\node_modules\\mysql2\\lib\\commands\\command.js:29:26)\n    at Connection.handlePacket (C:\\xampp\\htdocs\\express2\\server\\node_modules\\mysql2\\lib\\connection.js:478:34)\n    at PacketParser.onPacket (C:\\xampp\\htdocs\\express2\\server\\node_modules\\mysql2\\lib\\connection.js:97:12)\n    at PacketParser.executeStart (C:\\xampp\\htdocs\\express2\\server\\node_modules\\mysql2\\lib\\packet_parser.js:75:16)\n    at Socket.<anonymous> (C:\\xampp\\htdocs\\express2\\server\\node_modules\\mysql2\\lib\\connection.js:104:25)\n    at Socket.emit (node:events:514:28)\n    at addChunk (node:internal/streams/readable:545:12)\n    at readableAddChunkPushByteMode (node:internal/streams/readable:495:3)\n    at Readable.push (node:internal/streams/readable:375:5) {\n  [stack]: \"Error: Unknown column 'sellerId' in 'field list'\\n\" +\n    '    at Packet.asError (C:\\\\xampp\\\\htdocs\\\\express2\\\\server\\\\node_modules\\\\mysql2\\\\lib\\\\packets\\\\packet.js:728:17)\\n' +\n    '    at Query.execute (C:\\\\xampp\\\\htdocs\\\\express2\\\\server\\\\node_modules\\\\mysql2\\\\lib\\\\commands\\\\command.js:29:26)\\n' +\n    '    at Connection.handlePacket (C:\\\\xampp\\\\htdocs\\\\express2\\\\server\\\\node_modules\\\\mysql2\\\\lib\\\\connection.js:478:34)\\n' +\n    '    at PacketParser.onPacket (C:\\\\xampp\\\\htdocs\\\\express2\\\\server\\\\node_modules\\\\mysql2\\\\lib\\\\connection.js:97:12)\\n' +\n    '    at PacketParser.executeStart (C:\\\\xampp\\\\htdocs\\\\express2\\\\server\\\\node_modules\\\\mysql2\\\\lib\\\\packet_parser.js:75:16)\\n' +\n    '    at Socket.<anonymous> (C:\\\\xampp\\\\htdocs\\\\express2\\\\server\\\\node_modules\\\\mysql2\\\\lib\\\\connection.js:104:25)\\n' +\n    '    at Socket.emit (node:events:514:28)\\n' +\n    '    at addChunk (node:internal/streams/readable:545:12)\\n' +\n    '    at readableAddChunkPushByteMode (node:internal/streams/readable:495:3)\\n' +\n    '    at Readable.push (node:internal/streams/readable:375:5)',\n  [message]: \"Unknown column 'sellerId' in 'field list'\",\n  code: 'ER_BAD_FIELD_ERROR',\n  errno: 1054,\n  sqlState: '42S22',\n  sqlMessage: \"Unknown column 'sellerId' in 'field list'\",\n  sql: \"INSERT INTO locations (sellerId, city, longitude, latitude) VALUES (1, 'zliten', NULL, NULL)\"\n}","timestamp":"2024-01-28 23:15:38"}
{"level":"error","message":"خطأ في إضافة الموقع: Error: Cannot add or update a child row: a foreign key constraint fails (`dreams`.`locations`, CONSTRAINT `locations_ibfk_1` FOREIGN KEY (`seller_id`) REFERENCES `sellers` (`id`))\n    at Packet.asError (C:\\xampp\\htdocs\\express2\\server\\node_modules\\mysql2\\lib\\packets\\packet.js:728:17)\n    at Query.execute (C:\\xampp\\htdocs\\express2\\server\\node_modules\\mysql2\\lib\\commands\\command.js:29:26)\n    at Connection.handlePacket (C:\\xampp\\htdocs\\express2\\server\\node_modules\\mysql2\\lib\\connection.js:478:34)\n    at PacketParser.onPacket (C:\\xampp\\htdocs\\express2\\server\\node_modules\\mysql2\\lib\\connection.js:97:12)\n    at PacketParser.executeStart (C:\\xampp\\htdocs\\express2\\server\\node_modules\\mysql2\\lib\\packet_parser.js:75:16)\n    at Socket.<anonymous> (C:\\xampp\\htdocs\\express2\\server\\node_modules\\mysql2\\lib\\connection.js:104:25)\n    at Socket.emit (node:events:514:28)\n    at addChunk (node:internal/streams/readable:545:12)\n    at readableAddChunkPushByteMode (node:internal/streams/readable:495:3)\n    at Readable.push (node:internal/streams/readable:375:5) {\n  [stack]: 'Error: Cannot add or update a child row: a foreign key constraint fails (`dreams`.`locations`, CONSTRAINT `locations_ibfk_1` FOREIGN KEY (`seller_id`) REFERENCES `sellers` (`id`))\\n' +\n    '    at Packet.asError (C:\\\\xampp\\\\htdocs\\\\express2\\\\server\\\\node_modules\\\\mysql2\\\\lib\\\\packets\\\\packet.js:728:17)\\n' +\n    '    at Query.execute (C:\\\\xampp\\\\htdocs\\\\express2\\\\server\\\\node_modules\\\\mysql2\\\\lib\\\\commands\\\\command.js:29:26)\\n' +\n    '    at Connection.handlePacket (C:\\\\xampp\\\\htdocs\\\\express2\\\\server\\\\node_modules\\\\mysql2\\\\lib\\\\connection.js:478:34)\\n' +\n    '    at PacketParser.onPacket (C:\\\\xampp\\\\htdocs\\\\express2\\\\server\\\\node_modules\\\\mysql2\\\\lib\\\\connection.js:97:12)\\n' +\n    '    at PacketParser.executeStart (C:\\\\xampp\\\\htdocs\\\\express2\\\\server\\\\node_modules\\\\mysql2\\\\lib\\\\packet_parser.js:75:16)\\n' +\n    '    at Socket.<anonymous> (C:\\\\xampp\\\\htdocs\\\\express2\\\\server\\\\node_modules\\\\mysql2\\\\lib\\\\connection.js:104:25)\\n' +\n    '    at Socket.emit (node:events:514:28)\\n' +\n    '    at addChunk (node:internal/streams/readable:545:12)\\n' +\n    '    at readableAddChunkPushByteMode (node:internal/streams/readable:495:3)\\n' +\n    '    at Readable.push (node:internal/streams/readable:375:5)',\n  [message]: 'Cannot add or update a child row: a foreign key constraint fails (`dreams`.`locations`, CONSTRAINT `locations_ibfk_1` FOREIGN KEY (`seller_id`) REFERENCES `sellers` (`id`))',\n  code: 'ER_NO_REFERENCED_ROW_2',\n  errno: 1452,\n  sqlState: '23000',\n  sqlMessage: 'Cannot add or update a child row: a foreign key constraint fails (`dreams`.`locations`, CONSTRAINT `locations_ibfk_1` FOREIGN KEY (`seller_id`) REFERENCES `sellers` (`id`))',\n  sql: \"INSERT INTO locations (seller_id, city, longitude, latitude) VALUES (0, '01', '-0.1275862', '51.5072178')\"\n}","timestamp":"2024-01-29 00:12:44"}
{"level":"error","message":"خطأ في إضافة متغير اللون: Unknown column 'product_id' in 'field list'","timestamp":"2024-02-02 01:38:32"}
{"level":"error","message":"خطأ في إضافة متغير اللون: Unknown column 'product_id' in 'field list'","timestamp":"2024-02-02 01:38:32"}
{"level":"error","message":"خطأ في إضافة متغير اللون: Unknown column 'product_id' in 'field list'","timestamp":"2024-02-02 01:38:32"}
{"level":"error","message":"خطأ في إضافة متغير اللون: Unknown column 'product_id' in 'field list'","timestamp":"2024-02-02 01:38:32"}
{"level":"error","message":"خطأ في إضافة متغير الأبعاد: Unknown column 'product_id' in 'field list'","timestamp":"2024-02-02 01:38:32"}
{"level":"error","message":"خطأ في إضافة متغير اللون: Unknown column 'product_id' in 'field list'","timestamp":"2024-02-02 01:38:36"}
{"level":"error","message":"خطأ في إضافة متغير اللون: Unknown column 'product_id' in 'field list'","timestamp":"2024-02-02 01:38:36"}
{"level":"error","message":"خطأ في إضافة متغير اللون: Unknown column 'product_id' in 'field list'","timestamp":"2024-02-02 01:38:36"}
{"level":"error","message":"خطأ في إضافة متغير اللون: Unknown column 'product_id' in 'field list'","timestamp":"2024-02-02 01:38:36"}
{"level":"error","message":"خطأ في إضافة متغير اللون: Unknown column 'product_id' in 'field list'","timestamp":"2024-02-02 01:38:36"}
{"level":"error","message":"خطأ في إضافة متغير الأبعاد: Unknown column 'product_id' in 'field list'","timestamp":"2024-02-02 01:38:36"}
{"level":"error","message":"خطأ في إضافة متغير اللون: Unknown column 'product_id' in 'field list'","timestamp":"2024-02-02 01:38:37"}
{"level":"error","message":"خطأ في إضافة متغير اللون: Unknown column 'product_id' in 'field list'","timestamp":"2024-02-02 01:38:37"}
{"level":"error","message":"خطأ في إضافة متغير اللون: Unknown column 'product_id' in 'field list'","timestamp":"2024-02-02 01:38:37"}
{"level":"error","message":"خطأ في إضافة متغير اللون: Unknown column 'product_id' in 'field list'","timestamp":"2024-02-02 01:38:37"}
{"level":"error","message":"خطأ في إضافة متغير اللون: Unknown column 'product_id' in 'field list'","timestamp":"2024-02-02 01:38:37"}
{"level":"error","message":"خطأ في إضافة متغير اللون: Unknown column 'product_id' in 'field list'","timestamp":"2024-02-02 01:38:37"}
{"level":"error","message":"خطأ في إضافة متغير الأبعاد: Unknown column 'product_id' in 'field list'","timestamp":"2024-02-02 01:38:37"}
{"level":"error","message":"خطأ في إضافة متغير اللون: Unknown column 'product_id' in 'field list'","timestamp":"2024-02-02 01:39:32"}
{"level":"error","message":"خطأ في إضافة متغير اللون: Unknown column 'product_id' in 'field list'","timestamp":"2024-02-02 01:39:32"}
{"level":"error","message":"خطأ في إضافة متغير اللون: Unknown column 'product_id' in 'field list'","timestamp":"2024-02-02 01:39:32"}
{"level":"error","message":"خطأ في إضافة متغير اللون: Unknown column 'product_id' in 'field list'","timestamp":"2024-02-02 01:39:32"}
{"level":"error","message":"خطأ في إضافة متغير اللون: Unknown column 'product_id' in 'field list'","timestamp":"2024-02-02 01:39:32"}
{"level":"error","message":"خطأ في إضافة متغير اللون: Unknown column 'product_id' in 'field list'","timestamp":"2024-02-02 01:39:32"}
{"level":"error","message":"خطأ في إضافة متغير اللون: Unknown column 'product_id' in 'field list'","timestamp":"2024-02-02 01:39:32"}
{"level":"error","message":"خطأ في إضافة متغير الأبعاد: Unknown column 'product_id' in 'field list'","timestamp":"2024-02-02 01:39:32"}
{"level":"error","message":"خطأ في إضافة متغير اللون: Unknown column 'product_id' in 'field list'","timestamp":"2024-02-02 01:40:08"}
{"level":"error","message":"خطأ في إضافة متغير اللون: Unknown column 'product_id' in 'field list'","timestamp":"2024-02-02 01:40:08"}
{"level":"error","message":"خطأ في إضافة متغير اللون: Unknown column 'product_id' in 'field list'","timestamp":"2024-02-02 01:40:08"}
{"level":"error","message":"خطأ في إضافة متغير اللون: Unknown column 'product_id' in 'field list'","timestamp":"2024-02-02 01:40:08"}
{"level":"error","message":"خطأ في إضافة متغير اللون: Unknown column 'product_id' in 'field list'","timestamp":"2024-02-02 01:40:08"}
{"level":"error","message":"خطأ في إضافة متغير اللون: Unknown column 'product_id' in 'field list'","timestamp":"2024-02-02 01:40:08"}
{"level":"error","message":"خطأ في إضافة متغير اللون: Unknown column 'product_id' in 'field list'","timestamp":"2024-02-02 01:40:08"}
{"level":"error","message":"خطأ في إضافة متغير اللون: Unknown column 'product_id' in 'field list'","timestamp":"2024-02-02 01:40:08"}
{"level":"error","message":"خطأ في إضافة متغير الأبعاد: Unknown column 'product_id' in 'field list'","timestamp":"2024-02-02 01:40:08"}
{"level":"error","message":"خطأ في إضافة متغير اللون: Unknown column 'product_id' in 'field list'","timestamp":"2024-02-02 01:42:05"}
{"level":"error","message":"خطأ في إضافة متغير اللون: Unknown column 'product_id' in 'field list'","timestamp":"2024-02-02 01:42:05"}
{"level":"error","message":"خطأ في إضافة متغير اللون: Unknown column 'product_id' in 'field list'","timestamp":"2024-02-02 01:42:05"}
{"level":"error","message":"خطأ في إضافة متغير اللون: Unknown column 'product_id' in 'field list'","timestamp":"2024-02-02 01:42:05"}
{"level":"error","message":"خطأ في إضافة متغير اللون: Unknown column 'product_id' in 'field list'","timestamp":"2024-02-02 01:42:05"}
{"level":"error","message":"خطأ في إضافة متغير اللون: Unknown column 'product_id' in 'field list'","timestamp":"2024-02-02 01:42:05"}
{"level":"error","message":"خطأ في إضافة متغير اللون: Unknown column 'product_id' in 'field list'","timestamp":"2024-02-02 01:42:05"}
{"level":"error","message":"خطأ في إضافة متغير اللون: Unknown column 'product_id' in 'field list'","timestamp":"2024-02-02 01:42:05"}
{"level":"error","message":"خطأ في إضافة متغير اللون: Unknown column 'product_id' in 'field list'","timestamp":"2024-02-02 01:42:05"}
{"level":"error","message":"خطأ في إضافة متغير اللون: Unknown column 'product_id' in 'field list'","timestamp":"2024-02-02 01:42:05"}
{"level":"error","message":"خطأ في إضافة متغير الأبعاد: Unknown column 'product_id' in 'field list'","timestamp":"2024-02-02 01:42:05"}
{"level":"error","message":"خطأ في إضافة متغير اللون: Unknown column 'product_id' in 'field list'","timestamp":"2024-02-02 01:43:26"}
{"level":"error","message":"خطأ في إضافة متغير اللون: Unknown column 'product_id' in 'field list'","timestamp":"2024-02-02 01:43:26"}
{"level":"error","message":"خطأ في إضافة متغير اللون: Unknown column 'product_id' in 'field list'","timestamp":"2024-02-02 01:43:26"}
{"level":"error","message":"خطأ في إضافة متغير اللون: Unknown column 'product_id' in 'field list'","timestamp":"2024-02-02 01:43:26"}
{"level":"error","message":"خطأ في إضافة متغير اللون: Unknown column 'product_id' in 'field list'","timestamp":"2024-02-02 01:43:26"}
{"level":"error","message":"خطأ في إضافة متغير اللون: Unknown column 'product_id' in 'field list'","timestamp":"2024-02-02 01:43:26"}
{"level":"error","message":"خطأ في إضافة متغير اللون: Unknown column 'product_id' in 'field list'","timestamp":"2024-02-02 01:43:26"}
{"level":"error","message":"خطأ في إضافة متغير اللون: Unknown column 'product_id' in 'field list'","timestamp":"2024-02-02 01:43:26"}
{"level":"error","message":"خطأ في إضافة متغير اللون: Unknown column 'product_id' in 'field list'","timestamp":"2024-02-02 01:43:26"}
{"level":"error","message":"خطأ في إضافة متغير اللون: Unknown column 'product_id' in 'field list'","timestamp":"2024-02-02 01:43:26"}
{"level":"error","message":"خطأ في إضافة متغير اللون: Unknown column 'product_id' in 'field list'","timestamp":"2024-02-02 01:43:26"}
{"level":"error","message":"خطأ في إضافة متغير الأبعاد: Unknown column 'product_id' in 'field list'","timestamp":"2024-02-02 01:43:26"}
{"level":"error","message":"خطأ في إضافة متغير اللون: Unknown column 'product_id' in 'field list'","timestamp":"2024-02-02 01:43:36"}
{"level":"error","message":"خطأ في إضافة متغير اللون: Unknown column 'product_id' in 'field list'","timestamp":"2024-02-02 01:43:36"}
{"level":"error","message":"خطأ في إضافة متغير اللون: Unknown column 'product_id' in 'field list'","timestamp":"2024-02-02 01:43:36"}
{"level":"error","message":"خطأ في إضافة متغير اللون: Unknown column 'product_id' in 'field list'","timestamp":"2024-02-02 01:43:36"}
{"level":"error","message":"خطأ في إضافة متغير اللون: Unknown column 'product_id' in 'field list'","timestamp":"2024-02-02 01:43:36"}
{"level":"error","message":"خطأ في إضافة متغير اللون: Unknown column 'product_id' in 'field list'","timestamp":"2024-02-02 01:43:36"}
{"level":"error","message":"خطأ في إضافة متغير اللون: Unknown column 'product_id' in 'field list'","timestamp":"2024-02-02 01:43:36"}
{"level":"error","message":"خطأ في إضافة متغير اللون: Unknown column 'product_id' in 'field list'","timestamp":"2024-02-02 01:43:36"}
{"level":"error","message":"خطأ في إضافة متغير اللون: Unknown column 'product_id' in 'field list'","timestamp":"2024-02-02 01:43:36"}
{"level":"error","message":"خطأ في إضافة متغير اللون: Unknown column 'product_id' in 'field list'","timestamp":"2024-02-02 01:43:36"}
{"level":"error","message":"خطأ في إضافة متغير اللون: Unknown column 'product_id' in 'field list'","timestamp":"2024-02-02 01:43:36"}
{"level":"error","message":"خطأ في إضافة متغير اللون: Unknown column 'product_id' in 'field list'","timestamp":"2024-02-02 01:43:36"}
{"level":"error","message":"خطأ في إضافة متغير الأبعاد: Unknown column 'product_id' in 'field list'","timestamp":"2024-02-02 01:43:36"}
{"level":"error","message":"خطأ في إضافة متغير اللون: Unknown column 'product_id' in 'field list'","timestamp":"2024-02-02 01:43:36"}
{"level":"error","message":"خطأ في إضافة متغير اللون: Unknown column 'product_id' in 'field list'","timestamp":"2024-02-02 01:43:36"}
{"level":"error","message":"خطأ في إضافة متغير اللون: Unknown column 'product_id' in 'field list'","timestamp":"2024-02-02 01:43:36"}
{"level":"error","message":"خطأ في إضافة متغير اللون: Unknown column 'product_id' in 'field list'","timestamp":"2024-02-02 01:43:36"}
{"level":"error","message":"خطأ في إضافة متغير اللون: Unknown column 'product_id' in 'field list'","timestamp":"2024-02-02 01:43:36"}
{"level":"error","message":"خطأ في إضافة متغير اللون: Unknown column 'product_id' in 'field list'","timestamp":"2024-02-02 01:43:36"}
{"level":"error","message":"خطأ في إضافة متغير اللون: Unknown column 'product_id' in 'field list'","timestamp":"2024-02-02 01:43:36"}
{"level":"error","message":"خطأ في إضافة متغير اللون: Unknown column 'product_id' in 'field list'","timestamp":"2024-02-02 01:43:36"}
{"level":"error","message":"خطأ في إضافة متغير اللون: Unknown column 'product_id' in 'field list'","timestamp":"2024-02-02 01:43:36"}
{"level":"error","message":"خطأ في إضافة متغير اللون: Unknown column 'product_id' in 'field list'","timestamp":"2024-02-02 01:43:36"}
{"level":"error","message":"خطأ في إضافة متغير اللون: Unknown column 'product_id' in 'field list'","timestamp":"2024-02-02 01:43:36"}
{"level":"error","message":"خطأ في إضافة متغير اللون: Unknown column 'product_id' in 'field list'","timestamp":"2024-02-02 01:43:36"}
{"level":"error","message":"خطأ في إضافة متغير اللون: Unknown column 'product_id' in 'field list'","timestamp":"2024-02-02 01:43:36"}
{"level":"error","message":"خطأ في إضافة متغير الأبعاد: Unknown column 'product_id' in 'field list'","timestamp":"2024-02-02 01:43:36"}
{"level":"error","message":"خطأ في إضافة متغير اللون: Unknown column 'product_id' in 'field list'","timestamp":"2024-02-02 01:43:36"}
{"level":"error","message":"خطأ في إضافة متغير اللون: Unknown column 'product_id' in 'field list'","timestamp":"2024-02-02 01:43:36"}
{"level":"error","message":"خطأ في إضافة متغير اللون: Unknown column 'product_id' in 'field list'","timestamp":"2024-02-02 01:43:36"}
{"level":"error","message":"خطأ في إضافة متغير اللون: Unknown column 'product_id' in 'field list'","timestamp":"2024-02-02 01:43:36"}
{"level":"error","message":"خطأ في إضافة متغير اللون: Unknown column 'product_id' in 'field list'","timestamp":"2024-02-02 01:43:36"}
{"level":"error","message":"خطأ في إضافة متغير اللون: Unknown column 'product_id' in 'field list'","timestamp":"2024-02-02 01:43:36"}
{"level":"error","message":"خطأ في إضافة متغير اللون: Unknown column 'product_id' in 'field list'","timestamp":"2024-02-02 01:43:36"}
{"level":"error","message":"خطأ في إضافة متغير اللون: Unknown column 'product_id' in 'field list'","timestamp":"2024-02-02 01:43:36"}
{"level":"error","message":"خطأ في إضافة متغير اللون: Unknown column 'product_id' in 'field list'","timestamp":"2024-02-02 01:43:36"}
{"level":"error","message":"خطأ في إضافة متغير اللون: Unknown column 'product_id' in 'field list'","timestamp":"2024-02-02 01:43:36"}
{"level":"error","message":"خطأ في إضافة متغير اللون: Unknown column 'product_id' in 'field list'","timestamp":"2024-02-02 01:43:36"}
{"level":"error","message":"خطأ في إضافة متغير اللون: Unknown column 'product_id' in 'field list'","timestamp":"2024-02-02 01:43:36"}
{"level":"error","message":"خطأ في إضافة متغير اللون: Unknown column 'product_id' in 'field list'","timestamp":"2024-02-02 01:43:36"}
{"level":"error","message":"خطأ في إضافة متغير اللون: Unknown column 'product_id' in 'field list'","timestamp":"2024-02-02 01:43:36"}
{"level":"error","message":"خطأ في إضافة متغير الأبعاد: Unknown column 'product_id' in 'field list'","timestamp":"2024-02-02 01:43:36"}
{"level":"error","message":"خطأ في إضافة متغير اللون: Unknown column 'product_id' in 'field list'","timestamp":"2024-02-02 01:43:36"}
{"level":"error","message":"خطأ في إضافة متغير اللون: Unknown column 'product_id' in 'field list'","timestamp":"2024-02-02 01:43:36"}
{"level":"error","message":"خطأ في إضافة متغير اللون: Unknown column 'product_id' in 'field list'","timestamp":"2024-02-02 01:43:36"}
{"level":"error","message":"خطأ في إضافة متغير اللون: Unknown column 'product_id' in 'field list'","timestamp":"2024-02-02 01:43:36"}
{"level":"error","message":"خطأ في إضافة متغير اللون: Unknown column 'product_id' in 'field list'","timestamp":"2024-02-02 01:43:36"}
{"level":"error","message":"خطأ في إضافة متغير اللون: Unknown column 'product_id' in 'field list'","timestamp":"2024-02-02 01:43:36"}
{"level":"error","message":"خطأ في إضافة متغير اللون: Unknown column 'product_id' in 'field list'","timestamp":"2024-02-02 01:43:36"}
{"level":"error","message":"خطأ في إضافة متغير اللون: Unknown column 'product_id' in 'field list'","timestamp":"2024-02-02 01:43:36"}
{"level":"error","message":"خطأ في إضافة متغير اللون: Unknown column 'product_id' in 'field list'","timestamp":"2024-02-02 01:43:36"}
{"level":"error","message":"خطأ في إضافة متغير اللون: Unknown column 'product_id' in 'field list'","timestamp":"2024-02-02 01:43:36"}
{"level":"error","message":"خطأ في إضافة متغير اللون: Unknown column 'product_id' in 'field list'","timestamp":"2024-02-02 01:43:36"}
{"level":"error","message":"خطأ في إضافة متغير اللون: Unknown column 'product_id' in 'field list'","timestamp":"2024-02-02 01:43:36"}
{"level":"error","message":"خطأ في إضافة متغير اللون: Unknown column 'product_id' in 'field list'","timestamp":"2024-02-02 01:43:36"}
{"level":"error","message":"خطأ في إضافة متغير اللون: Unknown column 'product_id' in 'field list'","timestamp":"2024-02-02 01:43:36"}
{"level":"error","message":"خطأ في إضافة متغير اللون: Unknown column 'product_id' in 'field list'","timestamp":"2024-02-02 01:43:36"}
{"level":"error","message":"خطأ في إضافة متغير الأبعاد: Unknown column 'product_id' in 'field list'","timestamp":"2024-02-02 01:43:36"}
{"level":"error","message":"خطأ في إضافة متغير اللون: Unknown column 'product_id' in 'field list'","timestamp":"2024-02-02 01:45:13"}
{"level":"error","message":"خطأ في إضافة متغير اللون: Unknown column 'product_id' in 'field list'","timestamp":"2024-02-02 01:45:13"}
{"level":"error","message":"خطأ في إضافة متغير اللون: Unknown column 'product_id' in 'field list'","timestamp":"2024-02-02 01:45:13"}
{"level":"error","message":"خطأ في إضافة متغير اللون: Unknown column 'product_id' in 'field list'","timestamp":"2024-02-02 01:45:13"}
{"level":"error","message":"خطأ في إضافة متغير اللون: Unknown column 'product_id' in 'field list'","timestamp":"2024-02-02 01:45:13"}
{"level":"error","message":"خطأ في إضافة متغير اللون: Unknown column 'product_id' in 'field list'","timestamp":"2024-02-02 01:45:13"}
{"level":"error","message":"خطأ في إضافة متغير اللون: Unknown column 'product_id' in 'field list'","timestamp":"2024-02-02 01:45:13"}
{"level":"error","message":"خطأ في إضافة متغير اللون: Unknown column 'product_id' in 'field list'","timestamp":"2024-02-02 01:45:13"}
{"level":"error","message":"خطأ في إضافة متغير اللون: Unknown column 'product_id' in 'field list'","timestamp":"2024-02-02 01:45:13"}
{"level":"error","message":"خطأ في إضافة متغير اللون: Unknown column 'product_id' in 'field list'","timestamp":"2024-02-02 01:45:13"}
{"level":"error","message":"خطأ في إضافة متغير اللون: Unknown column 'product_id' in 'field list'","timestamp":"2024-02-02 01:45:13"}
{"level":"error","message":"خطأ في إضافة متغير اللون: Unknown column 'product_id' in 'field list'","timestamp":"2024-02-02 01:45:13"}
{"level":"error","message":"خطأ في إضافة متغير اللون: Unknown column 'product_id' in 'field list'","timestamp":"2024-02-02 01:45:13"}
{"level":"error","message":"خطأ في إضافة متغير اللون: Unknown column 'product_id' in 'field list'","timestamp":"2024-02-02 01:45:13"}
{"level":"error","message":"خطأ في إضافة متغير اللون: Unknown column 'product_id' in 'field list'","timestamp":"2024-02-02 01:45:13"}
{"level":"error","message":"خطأ في إضافة متغير اللون: Unknown column 'product_id' in 'field list'","timestamp":"2024-02-02 01:45:13"}
{"level":"error","message":"خطأ في إضافة متغير الأبعاد: Unknown column 'product_id' in 'field list'","timestamp":"2024-02-02 01:45:13"}
{"level":"error","message":"خطأ في إضافة متغير اللون: Unknown column 'product_id' in 'field list'","timestamp":"2024-02-02 01:45:36"}
{"level":"error","message":"خطأ في إضافة متغير اللون: Unknown column 'product_id' in 'field list'","timestamp":"2024-02-02 01:45:36"}
{"level":"error","message":"خطأ في إضافة متغير اللون: Unknown column 'product_id' in 'field list'","timestamp":"2024-02-02 01:45:36"}
{"level":"error","message":"خطأ في إضافة متغير اللون: Unknown column 'product_id' in 'field list'","timestamp":"2024-02-02 01:45:36"}
{"level":"error","message":"خطأ في إضافة متغير اللون: Unknown column 'product_id' in 'field list'","timestamp":"2024-02-02 01:45:36"}
{"level":"error","message":"خطأ في إضافة متغير اللون: Unknown column 'product_id' in 'field list'","timestamp":"2024-02-02 01:45:36"}
{"level":"error","message":"خطأ في إضافة متغير اللون: Unknown column 'product_id' in 'field list'","timestamp":"2024-02-02 01:45:36"}
{"level":"error","message":"خطأ في إضافة متغير اللون: Unknown column 'product_id' in 'field list'","timestamp":"2024-02-02 01:45:36"}
{"level":"error","message":"خطأ في إضافة متغير اللون: Unknown column 'product_id' in 'field list'","timestamp":"2024-02-02 01:45:36"}
{"level":"error","message":"خطأ في إضافة متغير اللون: Unknown column 'product_id' in 'field list'","timestamp":"2024-02-02 01:45:37"}
{"level":"error","message":"خطأ في إضافة متغير اللون: Unknown column 'product_id' in 'field list'","timestamp":"2024-02-02 01:45:37"}
{"level":"error","message":"خطأ في إضافة متغير اللون: Unknown column 'product_id' in 'field list'","timestamp":"2024-02-02 01:45:37"}
{"level":"error","message":"خطأ في إضافة متغير اللون: Unknown column 'product_id' in 'field list'","timestamp":"2024-02-02 01:45:37"}
{"level":"error","message":"خطأ في إضافة متغير اللون: Unknown column 'product_id' in 'field list'","timestamp":"2024-02-02 01:45:37"}
{"level":"error","message":"خطأ في إضافة متغير اللون: Unknown column 'product_id' in 'field list'","timestamp":"2024-02-02 01:45:37"}
{"level":"error","message":"خطأ في إضافة متغير اللون: Unknown column 'product_id' in 'field list'","timestamp":"2024-02-02 01:45:37"}
{"level":"error","message":"خطأ في إضافة متغير اللون: Unknown column 'product_id' in 'field list'","timestamp":"2024-02-02 01:45:37"}
{"level":"error","message":"خطأ في إضافة متغير الأبعاد: Unknown column 'product_id' in 'field list'","timestamp":"2024-02-02 01:45:37"}
{"level":"error","message":"خطأ في إضافة متغير اللون: Unknown column 'product_id' in 'field list'","timestamp":"2024-02-02 01:45:57"}
{"level":"error","message":"خطأ في إضافة متغير اللون: Unknown column 'product_id' in 'field list'","timestamp":"2024-02-02 01:45:57"}
{"level":"error","message":"خطأ في إضافة متغير اللون: Unknown column 'product_id' in 'field list'","timestamp":"2024-02-02 01:45:57"}
{"level":"error","message":"خطأ في إضافة متغير اللون: Unknown column 'product_id' in 'field list'","timestamp":"2024-02-02 01:45:57"}
{"level":"error","message":"خطأ في إضافة متغير اللون: Unknown column 'product_id' in 'field list'","timestamp":"2024-02-02 01:45:57"}
{"level":"error","message":"خطأ في إضافة متغير اللون: Unknown column 'product_id' in 'field list'","timestamp":"2024-02-02 01:45:57"}
{"level":"error","message":"خطأ في إضافة متغير اللون: Unknown column 'product_id' in 'field list'","timestamp":"2024-02-02 01:45:57"}
{"level":"error","message":"خطأ في إضافة متغير اللون: Unknown column 'product_id' in 'field list'","timestamp":"2024-02-02 01:45:57"}
{"level":"error","message":"خطأ في إضافة متغير اللون: Unknown column 'product_id' in 'field list'","timestamp":"2024-02-02 01:45:57"}
{"level":"error","message":"خطأ في إضافة متغير اللون: Unknown column 'product_id' in 'field list'","timestamp":"2024-02-02 01:45:57"}
{"level":"error","message":"خطأ في إضافة متغير اللون: Unknown column 'product_id' in 'field list'","timestamp":"2024-02-02 01:45:57"}
{"level":"error","message":"خطأ في إضافة متغير اللون: Unknown column 'product_id' in 'field list'","timestamp":"2024-02-02 01:45:57"}
{"level":"error","message":"خطأ في إضافة متغير اللون: Unknown column 'product_id' in 'field list'","timestamp":"2024-02-02 01:45:57"}
{"level":"error","message":"خطأ في إضافة متغير اللون: Unknown column 'product_id' in 'field list'","timestamp":"2024-02-02 01:45:57"}
{"level":"error","message":"خطأ في إضافة متغير اللون: Unknown column 'product_id' in 'field list'","timestamp":"2024-02-02 01:45:57"}
{"level":"error","message":"خطأ في إضافة متغير اللون: Unknown column 'product_id' in 'field list'","timestamp":"2024-02-02 01:45:57"}
{"level":"error","message":"خطأ في إضافة متغير اللون: Unknown column 'product_id' in 'field list'","timestamp":"2024-02-02 01:45:57"}
{"level":"error","message":"خطأ في إضافة متغير اللون: Unknown column 'product_id' in 'field list'","timestamp":"2024-02-02 01:45:57"}
{"level":"error","message":"خطأ في إضافة متغير الأبعاد: Unknown column 'product_id' in 'field list'","timestamp":"2024-02-02 01:45:57"}
{"level":"error","message":"خطأ في إضافة متغير اللون: Unknown column 'product_id' in 'field list'","timestamp":"2024-02-02 01:46:17"}
{"level":"error","message":"خطأ في إضافة متغير اللون: Unknown column 'product_id' in 'field list'","timestamp":"2024-02-02 01:46:17"}
{"level":"error","message":"خطأ في إضافة متغير اللون: Unknown column 'product_id' in 'field list'","timestamp":"2024-02-02 01:46:17"}
{"level":"error","message":"خطأ في إضافة متغير اللون: Unknown column 'product_id' in 'field list'","timestamp":"2024-02-02 01:46:17"}
{"level":"error","message":"خطأ في إضافة متغير اللون: Unknown column 'product_id' in 'field list'","timestamp":"2024-02-02 01:46:17"}
{"level":"error","message":"خطأ في إضافة متغير اللون: Unknown column 'product_id' in 'field list'","timestamp":"2024-02-02 01:46:17"}
{"level":"error","message":"خطأ في إضافة متغير اللون: Unknown column 'product_id' in 'field list'","timestamp":"2024-02-02 01:46:17"}
{"level":"error","message":"خطأ في إضافة متغير اللون: Unknown column 'product_id' in 'field list'","timestamp":"2024-02-02 01:46:17"}
{"level":"error","message":"خطأ في إضافة متغير اللون: Unknown column 'product_id' in 'field list'","timestamp":"2024-02-02 01:46:17"}
{"level":"error","message":"خطأ في إضافة متغير اللون: Unknown column 'product_id' in 'field list'","timestamp":"2024-02-02 01:46:17"}
{"level":"error","message":"خطأ في إضافة متغير اللون: Unknown column 'product_id' in 'field list'","timestamp":"2024-02-02 01:46:17"}
{"level":"error","message":"خطأ في إضافة متغير اللون: Unknown column 'product_id' in 'field list'","timestamp":"2024-02-02 01:46:17"}
{"level":"error","message":"خطأ في إضافة متغير اللون: Unknown column 'product_id' in 'field list'","timestamp":"2024-02-02 01:46:17"}
{"level":"error","message":"خطأ في إضافة متغير اللون: Unknown column 'product_id' in 'field list'","timestamp":"2024-02-02 01:46:17"}
{"level":"error","message":"خطأ في إضافة متغير اللون: Unknown column 'product_id' in 'field list'","timestamp":"2024-02-02 01:46:17"}
{"level":"error","message":"خطأ في إضافة متغير اللون: Unknown column 'product_id' in 'field list'","timestamp":"2024-02-02 01:46:17"}
{"level":"error","message":"خطأ في إضافة متغير اللون: Unknown column 'product_id' in 'field list'","timestamp":"2024-02-02 01:46:17"}
{"level":"error","message":"خطأ في إضافة متغير اللون: Unknown column 'product_id' in 'field list'","timestamp":"2024-02-02 01:46:17"}
{"level":"error","message":"خطأ في إضافة متغير اللون: Unknown column 'product_id' in 'field list'","timestamp":"2024-02-02 01:46:17"}
{"level":"error","message":"خطأ في إضافة متغير الأبعاد: Unknown column 'product_id' in 'field list'","timestamp":"2024-02-02 01:46:17"}
{"level":"error","message":"خطأ في إضافة متغير اللون: Unknown column 'product_id' in 'field list'","timestamp":"2024-02-02 01:46:30"}
{"level":"error","message":"خطأ في إضافة متغير اللون: Unknown column 'product_id' in 'field list'","timestamp":"2024-02-02 01:46:30"}
{"level":"error","message":"خطأ في إضافة متغير اللون: Unknown column 'product_id' in 'field list'","timestamp":"2024-02-02 01:46:30"}
{"level":"error","message":"خطأ في إضافة متغير اللون: Unknown column 'product_id' in 'field list'","timestamp":"2024-02-02 01:46:30"}
{"level":"error","message":"خطأ في إضافة متغير اللون: Unknown column 'product_id' in 'field list'","timestamp":"2024-02-02 01:46:30"}
{"level":"error","message":"خطأ في إضافة متغير اللون: Unknown column 'product_id' in 'field list'","timestamp":"2024-02-02 01:46:30"}
{"level":"error","message":"خطأ في إضافة متغير اللون: Unknown column 'product_id' in 'field list'","timestamp":"2024-02-02 01:46:30"}
{"level":"error","message":"خطأ في إضافة متغير اللون: Unknown column 'product_id' in 'field list'","timestamp":"2024-02-02 01:46:30"}
{"level":"error","message":"خطأ في إضافة متغير اللون: Unknown column 'product_id' in 'field list'","timestamp":"2024-02-02 01:46:30"}
{"level":"error","message":"خطأ في إضافة متغير اللون: Unknown column 'product_id' in 'field list'","timestamp":"2024-02-02 01:46:30"}
{"level":"error","message":"خطأ في إضافة متغير اللون: Unknown column 'product_id' in 'field list'","timestamp":"2024-02-02 01:46:30"}
{"level":"error","message":"خطأ في إضافة متغير اللون: Unknown column 'product_id' in 'field list'","timestamp":"2024-02-02 01:46:30"}
{"level":"error","message":"خطأ في إضافة متغير اللون: Unknown column 'product_id' in 'field list'","timestamp":"2024-02-02 01:46:30"}
{"level":"error","message":"خطأ في إضافة متغير اللون: Unknown column 'product_id' in 'field list'","timestamp":"2024-02-02 01:46:30"}
{"level":"error","message":"خطأ في إضافة متغير اللون: Unknown column 'product_id' in 'field list'","timestamp":"2024-02-02 01:46:30"}
{"level":"error","message":"خطأ في إضافة متغير اللون: Unknown column 'product_id' in 'field list'","timestamp":"2024-02-02 01:46:30"}
{"level":"error","message":"خطأ في إضافة متغير اللون: Unknown column 'product_id' in 'field list'","timestamp":"2024-02-02 01:46:30"}
{"level":"error","message":"خطأ في إضافة متغير اللون: Unknown column 'product_id' in 'field list'","timestamp":"2024-02-02 01:46:30"}
{"level":"error","message":"خطأ في إضافة متغير اللون: Unknown column 'product_id' in 'field list'","timestamp":"2024-02-02 01:46:30"}
{"level":"error","message":"خطأ في إضافة متغير اللون: Unknown column 'product_id' in 'field list'","timestamp":"2024-02-02 01:46:30"}
{"level":"error","message":"خطأ في إضافة متغير الأبعاد: Unknown column 'product_id' in 'field list'","timestamp":"2024-02-02 01:46:30"}
{"level":"error","message":"خطأ في إضافة متغير اللون: Unknown column 'product_id' in 'field list'","timestamp":"2024-02-02 01:46:30"}
{"level":"error","message":"خطأ في إضافة متغير اللون: Unknown column 'product_id' in 'field list'","timestamp":"2024-02-02 01:46:30"}
{"level":"error","message":"خطأ في إضافة متغير اللون: Unknown column 'product_id' in 'field list'","timestamp":"2024-02-02 01:46:30"}
{"level":"error","message":"خطأ في إضافة متغير اللون: Unknown column 'product_id' in 'field list'","timestamp":"2024-02-02 01:46:30"}
{"level":"error","message":"خطأ في إضافة متغير اللون: Unknown column 'product_id' in 'field list'","timestamp":"2024-02-02 01:46:30"}
{"level":"error","message":"خطأ في إضافة متغير اللون: Unknown column 'product_id' in 'field list'","timestamp":"2024-02-02 01:46:30"}
{"level":"error","message":"خطأ في إضافة متغير اللون: Unknown column 'product_id' in 'field list'","timestamp":"2024-02-02 01:46:30"}
{"level":"error","message":"خطأ في إضافة متغير اللون: Unknown column 'product_id' in 'field list'","timestamp":"2024-02-02 01:46:30"}
{"level":"error","message":"خطأ في إضافة متغير اللون: Unknown column 'product_id' in 'field list'","timestamp":"2024-02-02 01:46:30"}
{"level":"error","message":"خطأ في إضافة متغير اللون: Unknown column 'product_id' in 'field list'","timestamp":"2024-02-02 01:46:30"}
{"level":"error","message":"خطأ في إضافة متغير اللون: Unknown column 'product_id' in 'field list'","timestamp":"2024-02-02 01:46:30"}
{"level":"error","message":"خطأ في إضافة متغير اللون: Unknown column 'product_id' in 'field list'","timestamp":"2024-02-02 01:46:30"}
{"level":"error","message":"خطأ في إضافة متغير اللون: Unknown column 'product_id' in 'field list'","timestamp":"2024-02-02 01:46:30"}
{"level":"error","message":"خطأ في إضافة متغير اللون: Unknown column 'product_id' in 'field list'","timestamp":"2024-02-02 01:46:30"}
{"level":"error","message":"خطأ في إضافة متغير اللون: Unknown column 'product_id' in 'field list'","timestamp":"2024-02-02 01:46:30"}
{"level":"error","message":"خطأ في إضافة متغير اللون: Unknown column 'product_id' in 'field list'","timestamp":"2024-02-02 01:46:30"}
{"level":"error","message":"خطأ في إضافة متغير اللون: Unknown column 'product_id' in 'field list'","timestamp":"2024-02-02 01:46:30"}
{"level":"error","message":"خطأ في إضافة متغير اللون: Unknown column 'product_id' in 'field list'","timestamp":"2024-02-02 01:46:30"}
{"level":"error","message":"خطأ في إضافة متغير اللون: Unknown column 'product_id' in 'field list'","timestamp":"2024-02-02 01:46:30"}
{"level":"error","message":"خطأ في إضافة متغير اللون: Unknown column 'product_id' in 'field list'","timestamp":"2024-02-02 01:46:30"}
{"level":"error","message":"خطأ في إضافة متغير اللون: Unknown column 'product_id' in 'field list'","timestamp":"2024-02-02 01:46:30"}
{"level":"error","message":"خطأ في إضافة متغير الأبعاد: Unknown column 'product_id' in 'field list'","timestamp":"2024-02-02 01:46:30"}
{"level":"error","message":"خطأ في إضافة متغير اللون: Unknown column 'product_id' in 'field list'","timestamp":"2024-02-02 01:46:30"}
{"level":"error","message":"خطأ في إضافة متغير اللون: Unknown column 'product_id' in 'field list'","timestamp":"2024-02-02 01:46:30"}
{"level":"error","message":"خطأ في إضافة متغير اللون: Unknown column 'product_id' in 'field list'","timestamp":"2024-02-02 01:46:30"}
{"level":"error","message":"خطأ في إضافة متغير اللون: Unknown column 'product_id' in 'field list'","timestamp":"2024-02-02 01:46:30"}
{"level":"error","message":"خطأ في إضافة متغير اللون: Unknown column 'product_id' in 'field list'","timestamp":"2024-02-02 01:46:30"}
{"level":"error","message":"خطأ في إضافة متغير اللون: Unknown column 'product_id' in 'field list'","timestamp":"2024-02-02 01:46:30"}
{"level":"error","message":"خطأ في إضافة متغير اللون: Unknown column 'product_id' in 'field list'","timestamp":"2024-02-02 01:46:30"}
{"level":"error","message":"خطأ في إضافة متغير اللون: Unknown column 'product_id' in 'field list'","timestamp":"2024-02-02 01:46:30"}
{"level":"error","message":"خطأ في إضافة متغير اللون: Unknown column 'product_id' in 'field list'","timestamp":"2024-02-02 01:46:30"}
{"level":"error","message":"خطأ في إضافة متغير اللون: Unknown column 'product_id' in 'field list'","timestamp":"2024-02-02 01:46:30"}
{"level":"error","message":"خطأ في إضافة متغير اللون: Unknown column 'product_id' in 'field list'","timestamp":"2024-02-02 01:46:30"}
{"level":"error","message":"خطأ في إضافة متغير اللون: Unknown column 'product_id' in 'field list'","timestamp":"2024-02-02 01:46:30"}
{"level":"error","message":"خطأ في إضافة متغير اللون: Unknown column 'product_id' in 'field list'","timestamp":"2024-02-02 01:46:30"}
{"level":"error","message":"خطأ في إضافة متغير اللون: Unknown column 'product_id' in 'field list'","timestamp":"2024-02-02 01:46:30"}
{"level":"error","message":"خطأ في إضافة متغير اللون: Unknown column 'product_id' in 'field list'","timestamp":"2024-02-02 01:46:30"}
{"level":"error","message":"خطأ في إضافة متغير اللون: Unknown column 'product_id' in 'field list'","timestamp":"2024-02-02 01:46:30"}
{"level":"error","message":"خطأ في إضافة متغير اللون: Unknown column 'product_id' in 'field list'","timestamp":"2024-02-02 01:46:30"}
{"level":"error","message":"خطأ في إضافة متغير اللون: Unknown column 'product_id' in 'field list'","timestamp":"2024-02-02 01:46:30"}
{"level":"error","message":"خطأ في إضافة متغير اللون: Unknown column 'product_id' in 'field list'","timestamp":"2024-02-02 01:46:30"}
{"level":"error","message":"خطأ في إضافة متغير اللون: Unknown column 'product_id' in 'field list'","timestamp":"2024-02-02 01:46:30"}
{"level":"error","message":"خطأ في إضافة متغير اللون: Unknown column 'product_id' in 'field list'","timestamp":"2024-02-02 01:46:30"}
{"level":"error","message":"خطأ في إضافة متغير اللون: Unknown column 'product_id' in 'field list'","timestamp":"2024-02-02 01:46:30"}
{"level":"error","message":"خطأ في إضافة متغير الأبعاد: Unknown column 'product_id' in 'field list'","timestamp":"2024-02-02 01:46:30"}
{"level":"error","message":"خطأ في إضافة متغير اللون: Unknown column 'product_id' in 'field list'","timestamp":"2024-02-02 01:46:30"}
{"level":"error","message":"خطأ في إضافة متغير اللون: Unknown column 'product_id' in 'field list'","timestamp":"2024-02-02 01:46:30"}
{"level":"error","message":"خطأ في إضافة متغير اللون: Unknown column 'product_id' in 'field list'","timestamp":"2024-02-02 01:46:30"}
{"level":"error","message":"خطأ في إضافة متغير اللون: Unknown column 'product_id' in 'field list'","timestamp":"2024-02-02 01:46:31"}
{"level":"error","message":"خطأ في إضافة متغير اللون: Unknown column 'product_id' in 'field list'","timestamp":"2024-02-02 01:46:31"}
{"level":"error","message":"خطأ في إضافة متغير اللون: Unknown column 'product_id' in 'field list'","timestamp":"2024-02-02 01:46:31"}
{"level":"error","message":"خطأ في إضافة متغير اللون: Unknown column 'product_id' in 'field list'","timestamp":"2024-02-02 01:46:31"}
{"level":"error","message":"خطأ في إضافة متغير اللون: Unknown column 'product_id' in 'field list'","timestamp":"2024-02-02 01:46:31"}
{"level":"error","message":"خطأ في إضافة متغير اللون: Unknown column 'product_id' in 'field list'","timestamp":"2024-02-02 01:46:31"}
{"level":"error","message":"خطأ في إضافة متغير اللون: Unknown column 'product_id' in 'field list'","timestamp":"2024-02-02 01:46:31"}
{"level":"error","message":"خطأ في إضافة متغير اللون: Unknown column 'product_id' in 'field list'","timestamp":"2024-02-02 01:46:31"}
{"level":"error","message":"خطأ في إضافة متغير اللون: Unknown column 'product_id' in 'field list'","timestamp":"2024-02-02 01:46:31"}
{"level":"error","message":"خطأ في إضافة متغير اللون: Unknown column 'product_id' in 'field list'","timestamp":"2024-02-02 01:46:31"}
{"level":"error","message":"خطأ في إضافة متغير اللون: Unknown column 'product_id' in 'field list'","timestamp":"2024-02-02 01:46:31"}
{"level":"error","message":"خطأ في إضافة متغير اللون: Unknown column 'product_id' in 'field list'","timestamp":"2024-02-02 01:46:31"}
{"level":"error","message":"خطأ في إضافة متغير اللون: Unknown column 'product_id' in 'field list'","timestamp":"2024-02-02 01:46:31"}
{"level":"error","message":"خطأ في إضافة متغير اللون: Unknown column 'product_id' in 'field list'","timestamp":"2024-02-02 01:46:31"}
{"level":"error","message":"خطأ في إضافة متغير اللون: Unknown column 'product_id' in 'field list'","timestamp":"2024-02-02 01:46:31"}
{"level":"error","message":"خطأ في إضافة متغير اللون: Unknown column 'product_id' in 'field list'","timestamp":"2024-02-02 01:46:31"}
{"level":"error","message":"خطأ في إضافة متغير اللون: Unknown column 'product_id' in 'field list'","timestamp":"2024-02-02 01:46:31"}
{"level":"error","message":"خطأ في إضافة متغير اللون: Unknown column 'product_id' in 'field list'","timestamp":"2024-02-02 01:46:31"}
{"level":"error","message":"خطأ في إضافة متغير اللون: Unknown column 'product_id' in 'field list'","timestamp":"2024-02-02 01:46:31"}
{"level":"error","message":"خطأ في إضافة متغير اللون: Unknown column 'product_id' in 'field list'","timestamp":"2024-02-02 01:46:31"}
{"level":"error","message":"خطأ في إضافة متغير الأبعاد: Unknown column 'product_id' in 'field list'","timestamp":"2024-02-02 01:46:31"}
{"level":"error","message":"خطأ في إضافة متغير اللون: Unknown column 'product_id' in 'field list'","timestamp":"2024-02-02 01:46:31"}
{"level":"error","message":"خطأ في إضافة متغير اللون: Unknown column 'product_id' in 'field list'","timestamp":"2024-02-02 01:46:31"}
{"level":"error","message":"خطأ في إضافة متغير اللون: Unknown column 'product_id' in 'field list'","timestamp":"2024-02-02 01:46:31"}
{"level":"error","message":"خطأ في إضافة متغير اللون: Unknown column 'product_id' in 'field list'","timestamp":"2024-02-02 01:46:31"}
{"level":"error","message":"خطأ في إضافة متغير اللون: Unknown column 'product_id' in 'field list'","timestamp":"2024-02-02 01:46:31"}
{"level":"error","message":"خطأ في إضافة متغير اللون: Unknown column 'product_id' in 'field list'","timestamp":"2024-02-02 01:46:31"}
{"level":"error","message":"خطأ في إضافة متغير اللون: Unknown column 'product_id' in 'field list'","timestamp":"2024-02-02 01:46:31"}
{"level":"error","message":"خطأ في إضافة متغير اللون: Unknown column 'product_id' in 'field list'","timestamp":"2024-02-02 01:46:31"}
{"level":"error","message":"خطأ في إضافة متغير اللون: Unknown column 'product_id' in 'field list'","timestamp":"2024-02-02 01:46:31"}
{"level":"error","message":"خطأ في إضافة متغير اللون: Unknown column 'product_id' in 'field list'","timestamp":"2024-02-02 01:46:31"}
{"level":"error","message":"خطأ في إضافة متغير اللون: Unknown column 'product_id' in 'field list'","timestamp":"2024-02-02 01:46:31"}
{"level":"error","message":"خطأ في إضافة متغير اللون: Unknown column 'product_id' in 'field list'","timestamp":"2024-02-02 01:46:31"}
{"level":"error","message":"خطأ في إضافة متغير اللون: Unknown column 'product_id' in 'field list'","timestamp":"2024-02-02 01:46:31"}
{"level":"error","message":"خطأ في إضافة متغير اللون: Unknown column 'product_id' in 'field list'","timestamp":"2024-02-02 01:46:31"}
{"level":"error","message":"خطأ في إضافة متغير اللون: Unknown column 'product_id' in 'field list'","timestamp":"2024-02-02 01:46:31"}
{"level":"error","message":"خطأ في إضافة متغير اللون: Unknown column 'product_id' in 'field list'","timestamp":"2024-02-02 01:46:31"}
{"level":"error","message":"خطأ في إضافة متغير اللون: Unknown column 'product_id' in 'field list'","timestamp":"2024-02-02 01:46:31"}
{"level":"error","message":"خطأ في إضافة متغير اللون: Unknown column 'product_id' in 'field list'","timestamp":"2024-02-02 01:46:31"}
{"level":"error","message":"خطأ في إضافة متغير اللون: Unknown column 'product_id' in 'field list'","timestamp":"2024-02-02 01:46:31"}
{"level":"error","message":"خطأ في إضافة متغير اللون: Unknown column 'product_id' in 'field list'","timestamp":"2024-02-02 01:46:31"}
{"level":"error","message":"خطأ في إضافة متغير اللون: Unknown column 'product_id' in 'field list'","timestamp":"2024-02-02 01:46:31"}
{"level":"error","message":"خطأ في إضافة متغير اللون: Unknown column 'product_id' in 'field list'","timestamp":"2024-02-02 01:46:31"}
{"level":"error","message":"خطأ في إضافة متغير اللون: Unknown column 'product_id' in 'field list'","timestamp":"2024-02-02 01:46:31"}
{"level":"error","message":"خطأ في إضافة متغير اللون: Unknown column 'product_id' in 'field list'","timestamp":"2024-02-02 01:46:31"}
{"level":"error","message":"خطأ في إضافة متغير الأبعاد: Unknown column 'product_id' in 'field list'","timestamp":"2024-02-02 01:46:31"}
{"level":"error","message":"خطأ في إضافة متغير اللون: Unknown column 'product_id' in 'field list'","timestamp":"2024-02-02 01:47:05"}
{"level":"error","message":"خطأ في إضافة متغير اللون: Unknown column 'product_id' in 'field list'","timestamp":"2024-02-02 01:47:05"}
{"level":"error","message":"خطأ في إضافة متغير اللون: Unknown column 'product_id' in 'field list'","timestamp":"2024-02-02 01:47:05"}
{"level":"error","message":"خطأ في إضافة متغير اللون: Unknown column 'product_id' in 'field list'","timestamp":"2024-02-02 01:47:05"}
{"level":"error","message":"خطأ في إضافة متغير اللون: Unknown column 'product_id' in 'field list'","timestamp":"2024-02-02 01:47:05"}
{"level":"error","message":"خطأ في إضافة متغير اللون: Unknown column 'product_id' in 'field list'","timestamp":"2024-02-02 01:47:05"}
{"level":"error","message":"خطأ في إضافة متغير اللون: Unknown column 'product_id' in 'field list'","timestamp":"2024-02-02 01:47:05"}
{"level":"error","message":"خطأ في إضافة متغير اللون: Unknown column 'product_id' in 'field list'","timestamp":"2024-02-02 01:47:05"}
{"level":"error","message":"خطأ في إضافة متغير اللون: Unknown column 'product_id' in 'field list'","timestamp":"2024-02-02 01:47:05"}
{"level":"error","message":"خطأ في إضافة متغير اللون: Unknown column 'product_id' in 'field list'","timestamp":"2024-02-02 01:47:05"}
{"level":"error","message":"خطأ في إضافة متغير اللون: Unknown column 'product_id' in 'field list'","timestamp":"2024-02-02 01:47:05"}
{"level":"error","message":"خطأ في إضافة متغير اللون: Unknown column 'product_id' in 'field list'","timestamp":"2024-02-02 01:47:05"}
{"level":"error","message":"خطأ في إضافة متغير اللون: Unknown column 'product_id' in 'field list'","timestamp":"2024-02-02 01:47:05"}
{"level":"error","message":"خطأ في إضافة متغير اللون: Unknown column 'product_id' in 'field list'","timestamp":"2024-02-02 01:47:05"}
{"level":"error","message":"خطأ في إضافة متغير اللون: Unknown column 'product_id' in 'field list'","timestamp":"2024-02-02 01:47:05"}
{"level":"error","message":"خطأ في إضافة متغير اللون: Unknown column 'product_id' in 'field list'","timestamp":"2024-02-02 01:47:05"}
{"level":"error","message":"خطأ في إضافة متغير اللون: Unknown column 'product_id' in 'field list'","timestamp":"2024-02-02 01:47:05"}
{"level":"error","message":"خطأ في إضافة متغير اللون: Unknown column 'product_id' in 'field list'","timestamp":"2024-02-02 01:47:05"}
{"level":"error","message":"خطأ في إضافة متغير اللون: Unknown column 'product_id' in 'field list'","timestamp":"2024-02-02 01:47:05"}
{"level":"error","message":"خطأ في إضافة متغير اللون: Unknown column 'product_id' in 'field list'","timestamp":"2024-02-02 01:47:05"}
{"level":"error","message":"خطأ في إضافة متغير اللون: Unknown column 'product_id' in 'field list'","timestamp":"2024-02-02 01:47:05"}
{"level":"error","message":"خطأ في إضافة متغير اللون: Unknown column 'product_id' in 'field list'","timestamp":"2024-02-02 01:47:05"}
{"level":"error","message":"خطأ في إضافة متغير اللون: Unknown column 'product_id' in 'field list'","timestamp":"2024-02-02 01:47:05"}
{"level":"error","message":"خطأ في إضافة متغير اللون: Unknown column 'product_id' in 'field list'","timestamp":"2024-02-02 01:47:05"}
{"level":"error","message":"خطأ في إضافة متغير اللون: Unknown column 'product_id' in 'field list'","timestamp":"2024-02-02 01:47:05"}
{"level":"error","message":"خطأ في إضافة متغير الأبعاد: Unknown column 'product_id' in 'field list'","timestamp":"2024-02-02 01:47:05"}
{"level":"error","message":"خطأ في إضافة متغير اللون: Unknown column 'product_id' in 'field list'","timestamp":"2024-02-02 01:55:10"}
{"level":"error","message":"خطأ في إضافة متغير الأبعاد: Unknown column 'product_id' in 'field list'","timestamp":"2024-02-02 01:55:10"}
{"level":"error","message":"خطأ في إضافة متغير اللون: Unknown column 'product_id' in 'field list'","timestamp":"2024-02-02 01:55:12"}
{"level":"error","message":"خطأ في إضافة متغير الأبعاد: Unknown column 'product_id' in 'field list'","timestamp":"2024-02-02 01:55:12"}
{"level":"error","message":"خطأ في إضافة متغير اللون: Unknown column 'product_id' in 'field list'","timestamp":"2024-02-02 01:56:31"}
{"level":"error","message":"خطأ في إضافة متغير الأبعاد: Unknown column 'product_id' in 'field list'","timestamp":"2024-02-02 01:56:31"}
{"level":"error","message":"خطأ في إضافة متغير اللون: Unknown column 'product_id' in 'field list'","timestamp":"2024-02-02 01:58:47"}
{"level":"error","message":"خطأ في إضافة متغير الأبعاد: Unknown column 'product_id' in 'field list'","timestamp":"2024-02-02 01:58:47"}
{"level":"error","message":"خطأ في إضافة متغير اللون: Unknown column 'product_id' in 'field list'","timestamp":"2024-02-02 14:53:31"}
{"level":"error","message":"خطأ في إضافة متغير اللون: Column count doesn't match value count at row 1","timestamp":"2024-02-02 16:03:08"}
{"level":"error","message":"خطأ في إضافة متغير اللون: Column count doesn't match value count at row 1","timestamp":"2024-02-02 16:04:10"}
{"level":"error","message":"خطأ في إضافة متغير اللون: Column count doesn't match value count at row 1","timestamp":"2024-02-02 16:04:59"}
{"level":"error","message":"خطأ في إضافة متغير اللون: Column count doesn't match value count at row 1","timestamp":"2024-02-02 16:06:29"}
{"level":"error","message":"خطأ في إضافة متغير اللون: Cannot add or update a child row: a foreign key constraint fails (`dreams`.`variants`, CONSTRAINT `variants_ibfk_1` FOREIGN KEY (`category_id`) REFERENCES `categories` (`id`))","timestamp":"2024-02-02 16:13:41"}
{"level":"error","message":"خطأ في إضافة متغير اللون: Cannot add or update a child row: a foreign key constraint fails (`dreams`.`variants`, CONSTRAINT `variants_ibfk_1` FOREIGN KEY (`category_id`) REFERENCES `categories` (`id`))","timestamp":"2024-02-02 16:15:57"}
{"level":"error","message":"خطأ في إضافة متغير اللون: Cannot add or update a child row: a foreign key constraint fails (`dreams`.`variants`, CONSTRAINT `variants_ibfk_1` FOREIGN KEY (`category_id`) REFERENCES `categories` (`id`))","timestamp":"2024-02-02 16:18:33"}
{"level":"error","message":"خطأ في إضافة متغير اللون: Column count doesn't match value count at row 1","timestamp":"2024-02-02 16:19:05"}
{"level":"error","message":"خطأ في إضافة متغير اللون: Cannot add or update a child row: a foreign key constraint fails (`dreams`.`variants`, CONSTRAINT `variants_ibfk_1` FOREIGN KEY (`category_id`) REFERENCES `categories` (`id`))","timestamp":"2024-02-02 16:19:37"}
{"level":"error","message":"خطأ في إضافة متغير اللون: Cannot add or update a child row: a foreign key constraint fails (`dreams`.`variants`, CONSTRAINT `variants_ibfk_1` FOREIGN KEY (`category_id`) REFERENCES `categories` (`id`))","timestamp":"2024-02-02 16:22:23"}
{"level":"error","message":"خطأ في إضافة متغير اللون: Cannot add or update a child row: a foreign key constraint fails (`dreams`.`variants`, CONSTRAINT `variants_ibfk_1` FOREIGN KEY (`category_id`) REFERENCES `categories` (`id`))","timestamp":"2024-02-02 16:25:30"}
{"level":"error","message":"خطأ في إضافة خيار متغير اللون: Unknown column 'name' in 'field list'","timestamp":"2024-02-02 16:47:54"}
{"level":"error","message":"خطأ في إضافة خيار متغير اللون: Unknown column 'name' in 'field list'","timestamp":"2024-02-02 16:48:55"}
{"level":"error","message":"خطأ في إضافة متغير اللون: Column count doesn't match value count at row 1","timestamp":"2024-02-02 21:42:18"}
{"level":"error","message":"خطأ في إضافة متغير اللون: Column count doesn't match value count at row 1","timestamp":"2024-02-02 21:47:22"}
{"level":"error","message":"خطأ في إضافة خيار متغير اللون: Unknown column 'name' in 'field list'","timestamp":"2024-02-02 22:58:08"}
{"level":"error","message":"خطأ في إضافة خيار متغير اللون: Unknown column 'name' in 'field list'","timestamp":"2024-02-02 22:59:04"}
{"level":"error","message":"خطأ في إضافة خيار متغير اللون: Unknown column 'name' in 'field list'","timestamp":"2024-02-02 23:00:12"}
{"level":"error","message":"خطأ في إضافة خيار متغير اللون: Unknown column 'name' in 'field list'","timestamp":"2024-02-02 23:00:45"}
{"level":"error","message":"خطأ في إضافة خيار متغير اللون: Unknown column 'name' in 'field list'","timestamp":"2024-02-02 23:03:30"}
{"level":"error","message":"خطأ في إضافة خيار متغير اللون: Unknown column 'name' in 'field list'","timestamp":"2024-02-02 23:06:02"}
{"level":"error","message":"خطأ في إضافة خيار متغير اللون: Unknown column 'name' in 'field list'","timestamp":"2024-02-02 23:07:26"}
{"level":"error","message":"خطأ في إضافة خيار متغير اللون: Unknown column 'name' in 'field list'","timestamp":"2024-02-02 23:09:56"}
{"level":"error","message":"خطأ في إضافة خيار متغير اللون: Unknown column 'name' in 'field list'","timestamp":"2024-02-02 23:18:31"}
{"level":"error","message":"خطأ في إضافة خيار متغير اللون: Unknown column 'name' in 'field list'","timestamp":"2024-02-02 23:22:13"}
{"level":"error","message":"خطأ في إضافة خيار متغير اللون: Unknown column 'name' in 'field list'","timestamp":"2024-02-02 23:22:54"}
{"level":"error","message":"خطأ في إضافة خيار متغير اللون: Unknown column 'name' in 'field list'","timestamp":"2024-02-02 23:23:22"}
{"level":"error","message":"خطأ في إضافة الصورة: Table 'dreams.images' doesn't exist","timestamp":"2024-02-03 19:22:25"}
{"level":"error","message":"خطأ في إضافة الصورة: Table 'dreams.images' doesn't exist","timestamp":"2024-02-03 19:22:25"}
{"level":"error","message":"خطأ في إضافة الصورة: Table 'dreams.images' doesn't exist","timestamp":"2024-02-03 19:22:25"}
{"level":"error","message":"خطأ في إضافة الصورة: Table 'dreams.images' doesn't exist","timestamp":"2024-02-03 19:23:39"}
{"level":"error","message":"خطأ في إضافة الصورة: Table 'dreams.images' doesn't exist","timestamp":"2024-02-03 19:23:39"}
{"level":"error","message":"خطأ في إضافة الصورة: Table 'dreams.images' doesn't exist","timestamp":"2024-02-03 19:23:39"}
{"level":"error","message":"خطأ في إضافة الصورة: Table 'dreams.images' doesn't exist","timestamp":"2024-02-03 20:00:51"}
